DEB [20180628-12:47:13.193] thr=1   paramiko.transport: starting thread (client mode): 0x3476c50
DEB [20180628-12:47:13.195] thr=1   paramiko.transport: Local version/idstring: SSH-2.0-paramiko_2.3.1
DEB [20180628-12:47:13.222] thr=1   paramiko.transport: Remote version/idstring: SSH-2.0-OpenSSH_7.4p1 Raspbian-10+deb9u2
INF [20180628-12:47:13.224] thr=1   paramiko.transport: Connected (version 2.0, client OpenSSH_7.4p1)
DEB [20180628-12:47:13.229] thr=1   paramiko.transport: kex algos:['curve25519-sha256', 'curve25519-sha256@libssh.org', 'ecdh-sha2-nistp256', 'ecdh-sha2-nistp384', 'ecdh-sha2-nistp521', 'diffie-hellman-group-exchange-sha256', 'diffie-hellman-group16-sha512', 'diffie-hellman-group18-sha512', 'diffie-hellman-group14-sha256', 'diffie-hellman-group14-sha1'] server key:['ssh-rsa', 'rsa-sha2-512', 'rsa-sha2-256', 'ecdsa-sha2-nistp256', 'ssh-ed25519'] client encrypt:['chacha20-poly1305@openssh.com', 'aes128-ctr', 'aes192-ctr', 'aes256-ctr', 'aes128-gcm@openssh.com', 'aes256-gcm@openssh.com'] server encrypt:['chacha20-poly1305@openssh.com', 'aes128-ctr', 'aes192-ctr', 'aes256-ctr', 'aes128-gcm@openssh.com', 'aes256-gcm@openssh.com'] client mac:['umac-64-etm@openssh.com', 'umac-128-etm@openssh.com', 'hmac-sha2-256-etm@openssh.com', 'hmac-sha2-512-etm@openssh.com', 'hmac-sha1-etm@openssh.com', 'umac-64@openssh.com', 'umac-128@openssh.com', 'hmac-sha2-256', 'hmac-sha2-512', 'hmac-sha1'] server mac:['umac-64-etm@openssh.com', 'umac-128-etm@openssh.com', 'hmac-sha2-256-etm@openssh.com', 'hmac-sha2-512-etm@openssh.com', 'hmac-sha1-etm@openssh.com', 'umac-64@openssh.com', 'umac-128@openssh.com', 'hmac-sha2-256', 'hmac-sha2-512', 'hmac-sha1'] client compress:['none', 'zlib@openssh.com'] server compress:['none', 'zlib@openssh.com'] client lang:[''] server lang:[''] kex follows?False
DEB [20180628-12:47:13.231] thr=1   paramiko.transport: Kex agreed: ecdh-sha2-nistp256
DEB [20180628-12:47:13.233] thr=1   paramiko.transport: HostKey agreed: ssh-ed25519
DEB [20180628-12:47:13.234] thr=1   paramiko.transport: Cipher agreed: aes128-ctr
DEB [20180628-12:47:13.235] thr=1   paramiko.transport: MAC agreed: hmac-sha2-256
DEB [20180628-12:47:13.236] thr=1   paramiko.transport: Compression agreed: none
DEB [20180628-12:47:13.445] thr=1   paramiko.transport: kex engine KexNistp256 specified hash_algo <built-in function openssl_sha256>
DEB [20180628-12:47:13.447] thr=1   paramiko.transport: Switch to new keys ...
DEB [20180628-12:47:13.449] thr=2   paramiko.transport: Adding ssh-ed25519 host key for twofast-RPi3-0: b'14d7eda0d6455992e2fd523d206184a5'
DEB [20180628-12:47:13.492] thr=1   paramiko.transport: userauth is OK
INF [20180628-12:47:13.602] thr=1   paramiko.transport: Authentication (password) successful!
DEB [20180628-12:47:13.605] thr=2   paramiko.transport: [chan 0] Max packet in: 32768 bytes
DEB [20180628-12:47:13.693] thr=1   paramiko.transport: Received global request "hostkeys-00@openssh.com"
DEB [20180628-12:47:13.694] thr=1   paramiko.transport: Rejecting "hostkeys-00@openssh.com" global request from server.
DEB [20180628-12:47:13.892] thr=1   paramiko.transport: [chan 0] Max packet out: 32768 bytes
DEB [20180628-12:47:13.895] thr=1   paramiko.transport: Secsh channel 0 opened.
DEB [20180628-12:47:13.901] thr=1   paramiko.transport: [chan 0] Sesch channel 0 request ok
DEB [20180628-12:47:13.906] thr=1   paramiko.transport: [chan 0] Sesch channel 0 request ok
